[I 2026-05-23 20:15:55,102] A new study created in RDB with name: MLP_Baseline
[W 2026-05-23 20:15:55,529] Trial 0 failed with parameters: {'n_layers': 3, 'n_neurons': 32, 'lr': 0.00011164604230206877} because of the following error: AttributeError("module 'torchmetrics' has no attribute 'BinaryAUROC'").
Traceback (most recent call last):
  File "/home/pedro.campos/miniconda3/envs/qml-env/lib/python3.10/site-packages/optuna/study/_optimize.py", line 206, in _run_trial
    value_or_values = func(trial)
  File "/home/pedro.campos/Desktop/QML/pee-886-2026-01/scripts/pedro_campos/run_experiment.py", line 34, in <lambda>
    lambda trial: objective_classical(trial, X_train, y_train, skf),
  File "/home/pedro.campos/Desktop/QML/pee-886-2026-01/qml/pedro_campos/trainer/hyper_tuner.py", line 21, in objective_classical
    l_model = MagicGammaModel(model, lr)
  File "/home/pedro.campos/Desktop/QML/pee-886-2026-01/qml/pedro_campos/trainer/lightning.py", line 12, in __init__
    self.auroc = torchmetrics.BinaryAUROC()
AttributeError: module 'torchmetrics' has no attribute 'BinaryAUROC'
[W 2026-05-23 20:15:55,548] Trial 0 failed with value None.
Traceback (most recent call last):
  File "/home/pedro.campos/Desktop/QML/pee-886-2026-01/scripts/pedro_campos/run_experiment.py", line 51, in <module>
    main()
  File "/home/pedro.campos/Desktop/QML/pee-886-2026-01/scripts/pedro_campos/run_experiment.py", line 33, in main
    study_classic.optimize(
  File "/home/pedro.campos/miniconda3/envs/qml-env/lib/python3.10/site-packages/optuna/study/study.py", line 490, in optimize
    _optimize(
  File "/home/pedro.campos/miniconda3/envs/qml-env/lib/python3.10/site-packages/optuna/study/_optimize.py", line 68, in _optimize
    _optimize_sequential(
  File "/home/pedro.campos/miniconda3/envs/qml-env/lib/python3.10/site-packages/optuna/study/_optimize.py", line 165, in _optimize_sequential
    frozen_trial_id = _run_trial(study, func, catch)
  File "/home/pedro.campos/miniconda3/envs/qml-env/lib/python3.10/site-packages/optuna/study/_optimize.py", line 263, in _run_trial
    raise func_err
  File "/home/pedro.campos/miniconda3/envs/qml-env/lib/python3.10/site-packages/optuna/study/_optimize.py", line 206, in _run_trial
    value_or_values = func(trial)
  File "/home/pedro.campos/Desktop/QML/pee-886-2026-01/scripts/pedro_campos/run_experiment.py", line 34, in <lambda>
    lambda trial: objective_classical(trial, X_train, y_train, skf),
  File "/home/pedro.campos/Desktop/QML/pee-886-2026-01/qml/pedro_campos/trainer/hyper_tuner.py", line 21, in objective_classical
    l_model = MagicGammaModel(model, lr)
  File "/home/pedro.campos/Desktop/QML/pee-886-2026-01/qml/pedro_campos/trainer/lightning.py", line 12, in __init__
    self.auroc = torchmetrics.BinaryAUROC()
AttributeError: module 'torchmetrics' has no attribute 'BinaryAUROC'
